Arguments: 
  /usr/local/bin/node /Users/Brockawesome/.npm-global/bin/yarn start

PATH: 
  /Users/Brockawesome/.npm-global/bin:/Users/Brockawesome/.rbenv/shims:/Applications/Postgres.app/Contents/Versions/10/bin:/usr/local/bin:/usr/bin:/bin:/usr/sbin:/sbin:/opt/ImageMagick/bin

Yarn version: 
  1.5.1

Node version: 
  9.5.0

Platform: 
  darwin x64

npm manifest: 
  {
    "dependencies": {
      "material-design-icons": "^3.0.1"
    }
  }

yarn manifest: 
  No manifest

Lockfile: 
  # THIS IS AN AUTOGENERATED FILE. DO NOT EDIT THIS FILE DIRECTLY.
  # yarn lockfile v1
  
  
  material-design-icons@^3.0.1:
    version "3.0.1"
    resolved "https://registry.yarnpkg.com/material-design-icons/-/material-design-icons-3.0.1.tgz#9a71c48747218ebca51e51a66da682038cdcb7bf"

Trace: 
  Error: Command "start" not found.
      at new MessageError (/Users/Brockawesome/.npm-global/lib/node_modules/yarn/lib/cli.js:186:110)
      at /Users/Brockawesome/.npm-global/lib/node_modules/yarn/lib/cli.js:87307:17
      at Generator.next (<anonymous>)
      at step (/Users/Brockawesome/.npm-global/lib/node_modules/yarn/lib/cli.js:98:30)
      at /Users/Brockawesome/.npm-global/lib/node_modules/yarn/lib/cli.js:116:14
      at new Promise (<anonymous>)
      at new F (/Users/Brockawesome/.npm-global/lib/node_modules/yarn/lib/cli.js:23451:28)
      at /Users/Brockawesome/.npm-global/lib/node_modules/yarn/lib/cli.js:95:12
      at runCommand (/Users/Brockawesome/.npm-global/lib/node_modules/yarn/lib/cli.js:87312:22)
      at Object.<anonymous> (/Users/Brockawesome/.npm-global/lib/node_modules/yarn/lib/cli.js:87412:14)
